<?xml version="1.0" encoding="UTF-8"?>
<testsuite xmlns:xsi="http://www.w3.org/2001/XMLSchema-instance" xsi:noNamespaceSchemaLocation="https://maven.apache.org/surefire/maven-surefire-plugin/xsd/surefire-test-report.xsd" name="com.fc.springboot.SpringbootApplicationTests" time="3.502" tests="1" errors="0" skipped="0" failures="0">
  <properties>
    <property name="gopherProxySet" value="false"/>
    <property name="awt.toolkit" value="sun.lwawt.macosx.LWCToolkit"/>
    <property name="file.encoding.pkg" value="sun.io"/>
    <property name="java.specification.version" value="1.8"/>
    <property name="sun.cpu.isalist" value=""/>
    <property name="sun.jnu.encoding" value="UTF-8"/>
    <property name="java.class.path" value="/Users/fc/Documents/work/github/spring-boot-docker/target/test-classes:/Users/fc/Documents/work/github/spring-boot-docker/target/classes:/Users/fc/.m2/repository/org/springframework/boot/spring-boot-starter/2.5.3/spring-boot-starter-2.5.3.jar:/Users/fc/.m2/repository/org/springframework/boot/spring-boot/2.5.3/spring-boot-2.5.3.jar:/Users/fc/.m2/repository/org/springframework/spring-context/5.3.9/spring-context-5.3.9.jar:/Users/fc/.m2/repository/org/springframework/boot/spring-boot-autoconfigure/2.5.3/spring-boot-autoconfigure-2.5.3.jar:/Users/fc/.m2/repository/org/springframework/boot/spring-boot-starter-logging/2.5.3/spring-boot-starter-logging-2.5.3.jar:/Users/fc/.m2/repository/ch/qos/logback/logback-classic/1.2.4/logback-classic-1.2.4.jar:/Users/fc/.m2/repository/ch/qos/logback/logback-core/1.2.4/logback-core-1.2.4.jar:/Users/fc/.m2/repository/org/apache/logging/log4j/log4j-to-slf4j/2.14.1/log4j-to-slf4j-2.14.1.jar:/Users/fc/.m2/repository/org/slf4j/jul-to-slf4j/1.7.32/jul-to-slf4j-1.7.32.jar:/Users/fc/.m2/repository/jakarta/annotation/jakarta.annotation-api/1.3.5/jakarta.annotation-api-1.3.5.jar:/Users/fc/.m2/repository/org/springframework/spring-core/5.3.9/spring-core-5.3.9.jar:/Users/fc/.m2/repository/org/springframework/spring-jcl/5.3.9/spring-jcl-5.3.9.jar:/Users/fc/.m2/repository/org/yaml/snakeyaml/1.28/snakeyaml-1.28.jar:/Users/fc/.m2/repository/org/springframework/boot/spring-boot-starter-test/2.5.3/spring-boot-starter-test-2.5.3.jar:/Users/fc/.m2/repository/org/springframework/boot/spring-boot-test/2.5.3/spring-boot-test-2.5.3.jar:/Users/fc/.m2/repository/org/springframework/boot/spring-boot-test-autoconfigure/2.5.3/spring-boot-test-autoconfigure-2.5.3.jar:/Users/fc/.m2/repository/com/jayway/jsonpath/json-path/2.5.0/json-path-2.5.0.jar:/Users/fc/.m2/repository/net/minidev/json-smart/2.4.7/json-smart-2.4.7.jar:/Users/fc/.m2/repository/net/minidev/accessors-smart/2.4.7/accessors-smart-2.4.7.jar:/Users/fc/.m2/repository/org/ow2/asm/asm/9.1/asm-9.1.jar:/Users/fc/.m2/repository/jakarta/xml/bind/jakarta.xml.bind-api/2.3.3/jakarta.xml.bind-api-2.3.3.jar:/Users/fc/.m2/repository/jakarta/activation/jakarta.activation-api/1.2.2/jakarta.activation-api-1.2.2.jar:/Users/fc/.m2/repository/org/assertj/assertj-core/3.19.0/assertj-core-3.19.0.jar:/Users/fc/.m2/repository/org/hamcrest/hamcrest/2.2/hamcrest-2.2.jar:/Users/fc/.m2/repository/org/junit/jupiter/junit-jupiter/5.7.2/junit-jupiter-5.7.2.jar:/Users/fc/.m2/repository/org/junit/jupiter/junit-jupiter-api/5.7.2/junit-jupiter-api-5.7.2.jar:/Users/fc/.m2/repository/org/apiguardian/apiguardian-api/1.1.0/apiguardian-api-1.1.0.jar:/Users/fc/.m2/repository/org/opentest4j/opentest4j/1.2.0/opentest4j-1.2.0.jar:/Users/fc/.m2/repository/org/junit/platform/junit-platform-commons/1.7.2/junit-platform-commons-1.7.2.jar:/Users/fc/.m2/repository/org/junit/jupiter/junit-jupiter-params/5.7.2/junit-jupiter-params-5.7.2.jar:/Users/fc/.m2/repository/org/junit/jupiter/junit-jupiter-engine/5.7.2/junit-jupiter-engine-5.7.2.jar:/Users/fc/.m2/repository/org/junit/platform/junit-platform-engine/1.7.2/junit-platform-engine-1.7.2.jar:/Users/fc/.m2/repository/org/mockito/mockito-core/3.9.0/mockito-core-3.9.0.jar:/Users/fc/.m2/repository/net/bytebuddy/byte-buddy/1.10.22/byte-buddy-1.10.22.jar:/Users/fc/.m2/repository/net/bytebuddy/byte-buddy-agent/1.10.22/byte-buddy-agent-1.10.22.jar:/Users/fc/.m2/repository/org/objenesis/objenesis/3.2/objenesis-3.2.jar:/Users/fc/.m2/repository/org/mockito/mockito-junit-jupiter/3.9.0/mockito-junit-jupiter-3.9.0.jar:/Users/fc/.m2/repository/org/skyscreamer/jsonassert/1.5.0/jsonassert-1.5.0.jar:/Users/fc/.m2/repository/com/vaadin/external/google/android-json/0.0.20131108.vaadin1/android-json-0.0.20131108.vaadin1.jar:/Users/fc/.m2/repository/org/springframework/spring-test/5.3.9/spring-test-5.3.9.jar:/Users/fc/.m2/repository/org/xmlunit/xmlunit-core/2.8.2/xmlunit-core-2.8.2.jar:/Users/fc/.m2/repository/org/springframework/boot/spring-boot-starter-web/2.5.3/spring-boot-starter-web-2.5.3.jar:/Users/fc/.m2/repository/org/springframework/boot/spring-boot-starter-json/2.5.3/spring-boot-starter-json-2.5.3.jar:/Users/fc/.m2/repository/com/fasterxml/jackson/core/jackson-databind/2.12.4/jackson-databind-2.12.4.jar:/Users/fc/.m2/repository/com/fasterxml/jackson/core/jackson-annotations/2.12.4/jackson-annotations-2.12.4.jar:/Users/fc/.m2/repository/com/fasterxml/jackson/datatype/jackson-datatype-jdk8/2.12.4/jackson-datatype-jdk8-2.12.4.jar:/Users/fc/.m2/repository/com/fasterxml/jackson/datatype/jackson-datatype-jsr310/2.12.4/jackson-datatype-jsr310-2.12.4.jar:/Users/fc/.m2/repository/com/fasterxml/jackson/module/jackson-module-parameter-names/2.12.4/jackson-module-parameter-names-2.12.4.jar:/Users/fc/.m2/repository/org/springframework/boot/spring-boot-starter-tomcat/2.5.3/spring-boot-starter-tomcat-2.5.3.jar:/Users/fc/.m2/repository/org/apache/tomcat/embed/tomcat-embed-core/9.0.50/tomcat-embed-core-9.0.50.jar:/Users/fc/.m2/repository/org/apache/tomcat/embed/tomcat-embed-el/9.0.50/tomcat-embed-el-9.0.50.jar:/Users/fc/.m2/repository/org/apache/tomcat/embed/tomcat-embed-websocket/9.0.50/tomcat-embed-websocket-9.0.50.jar:/Users/fc/.m2/repository/org/springframework/spring-web/5.3.9/spring-web-5.3.9.jar:/Users/fc/.m2/repository/org/springframework/spring-beans/5.3.9/spring-beans-5.3.9.jar:/Users/fc/.m2/repository/org/springframework/spring-webmvc/5.3.9/spring-webmvc-5.3.9.jar:/Users/fc/.m2/repository/org/springframework/spring-aop/5.3.9/spring-aop-5.3.9.jar:/Users/fc/.m2/repository/org/springframework/spring-expression/5.3.9/spring-expression-5.3.9.jar:/Users/fc/.m2/repository/com/alibaba/csp/sentinel-transport-simple-http/1.6.3/sentinel-transport-simple-http-1.6.3.jar:/Users/fc/.m2/repository/com/alibaba/csp/sentinel-transport-common/1.6.3/sentinel-transport-common-1.6.3.jar:/Users/fc/.m2/repository/com/alibaba/fastjson/1.2.56/fastjson-1.2.56.jar:/Users/fc/.m2/repository/com/alibaba/csp/sentinel-cluster-server-default/1.6.3/sentinel-cluster-server-default-1.6.3.jar:/Users/fc/.m2/repository/com/alibaba/csp/sentinel-core/1.6.3/sentinel-core-1.6.3.jar:/Users/fc/.m2/repository/com/alibaba/csp/sentinel-cluster-common-default/1.6.3/sentinel-cluster-common-default-1.6.3.jar:/Users/fc/.m2/repository/com/alibaba/csp/sentinel-parameter-flow-control/1.6.3/sentinel-parameter-flow-control-1.6.3.jar:/Users/fc/.m2/repository/com/googlecode/concurrentlinkedhashmap/concurrentlinkedhashmap-lru/1.4.2/concurrentlinkedhashmap-lru-1.4.2.jar:/Users/fc/.m2/repository/io/netty/netty-handler/4.1.66.Final/netty-handler-4.1.66.Final.jar:/Users/fc/.m2/repository/io/netty/netty-common/4.1.66.Final/netty-common-4.1.66.Final.jar:/Users/fc/.m2/repository/io/netty/netty-resolver/4.1.66.Final/netty-resolver-4.1.66.Final.jar:/Users/fc/.m2/repository/io/netty/netty-buffer/4.1.66.Final/netty-buffer-4.1.66.Final.jar:/Users/fc/.m2/repository/io/netty/netty-transport/4.1.66.Final/netty-transport-4.1.66.Final.jar:/Users/fc/.m2/repository/io/netty/netty-codec/4.1.66.Final/netty-codec-4.1.66.Final.jar:/Users/fc/.m2/repository/com/alibaba/csp/sentinel-datasource-nacos/1.6.3/sentinel-datasource-nacos-1.6.3.jar:/Users/fc/.m2/repository/com/alibaba/csp/sentinel-datasource-extension/1.6.3/sentinel-datasource-extension-1.6.3.jar:/Users/fc/.m2/repository/com/alibaba/nacos/nacos-client/1.0.0/nacos-client-1.0.0.jar:/Users/fc/.m2/repository/com/alibaba/nacos/nacos-common/1.0.0/nacos-common-1.0.0.jar:/Users/fc/.m2/repository/commons-io/commons-io/2.2/commons-io-2.2.jar:/Users/fc/.m2/repository/org/apache/commons/commons-lang3/3.12.0/commons-lang3-3.12.0.jar:/Users/fc/.m2/repository/com/alibaba/nacos/nacos-api/1.0.0/nacos-api-1.0.0.jar:/Users/fc/.m2/repository/com/google/guava/guava/19.0/guava-19.0.jar:/Users/fc/.m2/repository/commons-codec/commons-codec/1.15/commons-codec-1.15.jar:/Users/fc/.m2/repository/com/fasterxml/jackson/core/jackson-core/2.12.4/jackson-core-2.12.4.jar:/Users/fc/.m2/repository/io/prometheus/simpleclient/0.10.0/simpleclient-0.10.0.jar:/Users/fc/.m2/repository/org/apache/logging/log4j/log4j-slf4j-impl/2.9.1/log4j-slf4j-impl-2.9.1.jar:/Users/fc/.m2/repository/org/slf4j/slf4j-api/1.7.32/slf4j-api-1.7.32.jar:/Users/fc/.m2/repository/org/apache/logging/log4j/log4j-api/2.14.1/log4j-api-2.14.1.jar:/Users/fc/.m2/repository/org/apache/logging/log4j/log4j-core/2.14.1/log4j-core-2.14.1.jar:/Users/fc/.m2/repository/org/projectlombok/lombok/1.18.20/lombok-1.18.20.jar:"/>
    <property name="java.vm.vendor" value="Oracle Corporation"/>
    <property name="sun.arch.data.model" value="64"/>
    <property name="java.vendor.url" value="http://java.oracle.com/"/>
    <property name="user.timezone" value=""/>
    <property name="java.vm.specification.version" value="1.8"/>
    <property name="os.name" value="Mac OS X"/>
    <property name="user.country" value="CN"/>
    <property name="sun.java.launcher" value="SUN_STANDARD"/>
    <property name="sun.boot.library.path" value="/Library/Java/JavaVirtualMachines/jdk1.8.0_291.jdk/Contents/Home/jre/lib"/>
    <property name="sun.java.command" value="/Users/fc/Documents/work/github/spring-boot-docker/target/surefire/surefirebooter7513502517413929072.jar /Users/fc/Documents/work/github/spring-boot-docker/target/surefire 2022-09-22T14-07-14_910-jvmRun1 surefire7182408106021815163tmp surefire_02582298472896258129tmp"/>
    <property name="surefire.test.class.path" value="/Users/fc/Documents/work/github/spring-boot-docker/target/test-classes:/Users/fc/Documents/work/github/spring-boot-docker/target/classes:/Users/fc/.m2/repository/org/springframework/boot/spring-boot-starter/2.5.3/spring-boot-starter-2.5.3.jar:/Users/fc/.m2/repository/org/springframework/boot/spring-boot/2.5.3/spring-boot-2.5.3.jar:/Users/fc/.m2/repository/org/springframework/spring-context/5.3.9/spring-context-5.3.9.jar:/Users/fc/.m2/repository/org/springframework/boot/spring-boot-autoconfigure/2.5.3/spring-boot-autoconfigure-2.5.3.jar:/Users/fc/.m2/repository/org/springframework/boot/spring-boot-starter-logging/2.5.3/spring-boot-starter-logging-2.5.3.jar:/Users/fc/.m2/repository/ch/qos/logback/logback-classic/1.2.4/logback-classic-1.2.4.jar:/Users/fc/.m2/repository/ch/qos/logback/logback-core/1.2.4/logback-core-1.2.4.jar:/Users/fc/.m2/repository/org/apache/logging/log4j/log4j-to-slf4j/2.14.1/log4j-to-slf4j-2.14.1.jar:/Users/fc/.m2/repository/org/slf4j/jul-to-slf4j/1.7.32/jul-to-slf4j-1.7.32.jar:/Users/fc/.m2/repository/jakarta/annotation/jakarta.annotation-api/1.3.5/jakarta.annotation-api-1.3.5.jar:/Users/fc/.m2/repository/org/springframework/spring-core/5.3.9/spring-core-5.3.9.jar:/Users/fc/.m2/repository/org/springframework/spring-jcl/5.3.9/spring-jcl-5.3.9.jar:/Users/fc/.m2/repository/org/yaml/snakeyaml/1.28/snakeyaml-1.28.jar:/Users/fc/.m2/repository/org/springframework/boot/spring-boot-starter-test/2.5.3/spring-boot-starter-test-2.5.3.jar:/Users/fc/.m2/repository/org/springframework/boot/spring-boot-test/2.5.3/spring-boot-test-2.5.3.jar:/Users/fc/.m2/repository/org/springframework/boot/spring-boot-test-autoconfigure/2.5.3/spring-boot-test-autoconfigure-2.5.3.jar:/Users/fc/.m2/repository/com/jayway/jsonpath/json-path/2.5.0/json-path-2.5.0.jar:/Users/fc/.m2/repository/net/minidev/json-smart/2.4.7/json-smart-2.4.7.jar:/Users/fc/.m2/repository/net/minidev/accessors-smart/2.4.7/accessors-smart-2.4.7.jar:/Users/fc/.m2/repository/org/ow2/asm/asm/9.1/asm-9.1.jar:/Users/fc/.m2/repository/jakarta/xml/bind/jakarta.xml.bind-api/2.3.3/jakarta.xml.bind-api-2.3.3.jar:/Users/fc/.m2/repository/jakarta/activation/jakarta.activation-api/1.2.2/jakarta.activation-api-1.2.2.jar:/Users/fc/.m2/repository/org/assertj/assertj-core/3.19.0/assertj-core-3.19.0.jar:/Users/fc/.m2/repository/org/hamcrest/hamcrest/2.2/hamcrest-2.2.jar:/Users/fc/.m2/repository/org/junit/jupiter/junit-jupiter/5.7.2/junit-jupiter-5.7.2.jar:/Users/fc/.m2/repository/org/junit/jupiter/junit-jupiter-api/5.7.2/junit-jupiter-api-5.7.2.jar:/Users/fc/.m2/repository/org/apiguardian/apiguardian-api/1.1.0/apiguardian-api-1.1.0.jar:/Users/fc/.m2/repository/org/opentest4j/opentest4j/1.2.0/opentest4j-1.2.0.jar:/Users/fc/.m2/repository/org/junit/platform/junit-platform-commons/1.7.2/junit-platform-commons-1.7.2.jar:/Users/fc/.m2/repository/org/junit/jupiter/junit-jupiter-params/5.7.2/junit-jupiter-params-5.7.2.jar:/Users/fc/.m2/repository/org/junit/jupiter/junit-jupiter-engine/5.7.2/junit-jupiter-engine-5.7.2.jar:/Users/fc/.m2/repository/org/junit/platform/junit-platform-engine/1.7.2/junit-platform-engine-1.7.2.jar:/Users/fc/.m2/repository/org/mockito/mockito-core/3.9.0/mockito-core-3.9.0.jar:/Users/fc/.m2/repository/net/bytebuddy/byte-buddy/1.10.22/byte-buddy-1.10.22.jar:/Users/fc/.m2/repository/net/bytebuddy/byte-buddy-agent/1.10.22/byte-buddy-agent-1.10.22.jar:/Users/fc/.m2/repository/org/objenesis/objenesis/3.2/objenesis-3.2.jar:/Users/fc/.m2/repository/org/mockito/mockito-junit-jupiter/3.9.0/mockito-junit-jupiter-3.9.0.jar:/Users/fc/.m2/repository/org/skyscreamer/jsonassert/1.5.0/jsonassert-1.5.0.jar:/Users/fc/.m2/repository/com/vaadin/external/google/android-json/0.0.20131108.vaadin1/android-json-0.0.20131108.vaadin1.jar:/Users/fc/.m2/repository/org/springframework/spring-test/5.3.9/spring-test-5.3.9.jar:/Users/fc/.m2/repository/org/xmlunit/xmlunit-core/2.8.2/xmlunit-core-2.8.2.jar:/Users/fc/.m2/repository/org/springframework/boot/spring-boot-starter-web/2.5.3/spring-boot-starter-web-2.5.3.jar:/Users/fc/.m2/repository/org/springframework/boot/spring-boot-starter-json/2.5.3/spring-boot-starter-json-2.5.3.jar:/Users/fc/.m2/repository/com/fasterxml/jackson/core/jackson-databind/2.12.4/jackson-databind-2.12.4.jar:/Users/fc/.m2/repository/com/fasterxml/jackson/core/jackson-annotations/2.12.4/jackson-annotations-2.12.4.jar:/Users/fc/.m2/repository/com/fasterxml/jackson/datatype/jackson-datatype-jdk8/2.12.4/jackson-datatype-jdk8-2.12.4.jar:/Users/fc/.m2/repository/com/fasterxml/jackson/datatype/jackson-datatype-jsr310/2.12.4/jackson-datatype-jsr310-2.12.4.jar:/Users/fc/.m2/repository/com/fasterxml/jackson/module/jackson-module-parameter-names/2.12.4/jackson-module-parameter-names-2.12.4.jar:/Users/fc/.m2/repository/org/springframework/boot/spring-boot-starter-tomcat/2.5.3/spring-boot-starter-tomcat-2.5.3.jar:/Users/fc/.m2/repository/org/apache/tomcat/embed/tomcat-embed-core/9.0.50/tomcat-embed-core-9.0.50.jar:/Users/fc/.m2/repository/org/apache/tomcat/embed/tomcat-embed-el/9.0.50/tomcat-embed-el-9.0.50.jar:/Users/fc/.m2/repository/org/apache/tomcat/embed/tomcat-embed-websocket/9.0.50/tomcat-embed-websocket-9.0.50.jar:/Users/fc/.m2/repository/org/springframework/spring-web/5.3.9/spring-web-5.3.9.jar:/Users/fc/.m2/repository/org/springframework/spring-beans/5.3.9/spring-beans-5.3.9.jar:/Users/fc/.m2/repository/org/springframework/spring-webmvc/5.3.9/spring-webmvc-5.3.9.jar:/Users/fc/.m2/repository/org/springframework/spring-aop/5.3.9/spring-aop-5.3.9.jar:/Users/fc/.m2/repository/org/springframework/spring-expression/5.3.9/spring-expression-5.3.9.jar:/Users/fc/.m2/repository/com/alibaba/csp/sentinel-transport-simple-http/1.6.3/sentinel-transport-simple-http-1.6.3.jar:/Users/fc/.m2/repository/com/alibaba/csp/sentinel-transport-common/1.6.3/sentinel-transport-common-1.6.3.jar:/Users/fc/.m2/repository/com/alibaba/fastjson/1.2.56/fastjson-1.2.56.jar:/Users/fc/.m2/repository/com/alibaba/csp/sentinel-cluster-server-default/1.6.3/sentinel-cluster-server-default-1.6.3.jar:/Users/fc/.m2/repository/com/alibaba/csp/sentinel-core/1.6.3/sentinel-core-1.6.3.jar:/Users/fc/.m2/repository/com/alibaba/csp/sentinel-cluster-common-default/1.6.3/sentinel-cluster-common-default-1.6.3.jar:/Users/fc/.m2/repository/com/alibaba/csp/sentinel-parameter-flow-control/1.6.3/sentinel-parameter-flow-control-1.6.3.jar:/Users/fc/.m2/repository/com/googlecode/concurrentlinkedhashmap/concurrentlinkedhashmap-lru/1.4.2/concurrentlinkedhashmap-lru-1.4.2.jar:/Users/fc/.m2/repository/io/netty/netty-handler/4.1.66.Final/netty-handler-4.1.66.Final.jar:/Users/fc/.m2/repository/io/netty/netty-common/4.1.66.Final/netty-common-4.1.66.Final.jar:/Users/fc/.m2/repository/io/netty/netty-resolver/4.1.66.Final/netty-resolver-4.1.66.Final.jar:/Users/fc/.m2/repository/io/netty/netty-buffer/4.1.66.Final/netty-buffer-4.1.66.Final.jar:/Users/fc/.m2/repository/io/netty/netty-transport/4.1.66.Final/netty-transport-4.1.66.Final.jar:/Users/fc/.m2/repository/io/netty/netty-codec/4.1.66.Final/netty-codec-4.1.66.Final.jar:/Users/fc/.m2/repository/com/alibaba/csp/sentinel-datasource-nacos/1.6.3/sentinel-datasource-nacos-1.6.3.jar:/Users/fc/.m2/repository/com/alibaba/csp/sentinel-datasource-extension/1.6.3/sentinel-datasource-extension-1.6.3.jar:/Users/fc/.m2/repository/com/alibaba/nacos/nacos-client/1.0.0/nacos-client-1.0.0.jar:/Users/fc/.m2/repository/com/alibaba/nacos/nacos-common/1.0.0/nacos-common-1.0.0.jar:/Users/fc/.m2/repository/commons-io/commons-io/2.2/commons-io-2.2.jar:/Users/fc/.m2/repository/org/apache/commons/commons-lang3/3.12.0/commons-lang3-3.12.0.jar:/Users/fc/.m2/repository/com/alibaba/nacos/nacos-api/1.0.0/nacos-api-1.0.0.jar:/Users/fc/.m2/repository/com/google/guava/guava/19.0/guava-19.0.jar:/Users/fc/.m2/repository/commons-codec/commons-codec/1.15/commons-codec-1.15.jar:/Users/fc/.m2/repository/com/fasterxml/jackson/core/jackson-core/2.12.4/jackson-core-2.12.4.jar:/Users/fc/.m2/repository/io/prometheus/simpleclient/0.10.0/simpleclient-0.10.0.jar:/Users/fc/.m2/repository/org/apache/logging/log4j/log4j-slf4j-impl/2.9.1/log4j-slf4j-impl-2.9.1.jar:/Users/fc/.m2/repository/org/slf4j/slf4j-api/1.7.32/slf4j-api-1.7.32.jar:/Users/fc/.m2/repository/org/apache/logging/log4j/log4j-api/2.14.1/log4j-api-2.14.1.jar:/Users/fc/.m2/repository/org/apache/logging/log4j/log4j-core/2.14.1/log4j-core-2.14.1.jar:/Users/fc/.m2/repository/org/projectlombok/lombok/1.18.20/lombok-1.18.20.jar:"/>
    <property name="sun.cpu.endian" value="little"/>
    <property name="user.home" value="/Users/fc"/>
    <property name="user.language" value="zh"/>
    <property name="java.specification.vendor" value="Oracle Corporation"/>
    <property name="java.home" value="/Library/Java/JavaVirtualMachines/jdk1.8.0_291.jdk/Contents/Home/jre"/>
    <property name="basedir" value="/Users/fc/Documents/work/github/spring-boot-docker"/>
    <property name="file.separator" value="/"/>
    <property name="line.separator" value="&#10;"/>
    <property name="java.vm.specification.vendor" value="Oracle Corporation"/>
    <property name="java.specification.name" value="Java Platform API Specification"/>
    <property name="java.awt.graphicsenv" value="sun.awt.CGraphicsEnvironment"/>
    <property name="surefire.real.class.path" value="/Users/fc/Documents/work/github/spring-boot-docker/target/surefire/surefirebooter7513502517413929072.jar"/>
    <property name="sun.boot.class.path" value="/Library/Java/JavaVirtualMachines/jdk1.8.0_291.jdk/Contents/Home/jre/lib/resources.jar:/Library/Java/JavaVirtualMachines/jdk1.8.0_291.jdk/Contents/Home/jre/lib/rt.jar:/Library/Java/JavaVirtualMachines/jdk1.8.0_291.jdk/Contents/Home/jre/lib/sunrsasign.jar:/Library/Java/JavaVirtualMachines/jdk1.8.0_291.jdk/Contents/Home/jre/lib/jsse.jar:/Library/Java/JavaVirtualMachines/jdk1.8.0_291.jdk/Contents/Home/jre/lib/jce.jar:/Library/Java/JavaVirtualMachines/jdk1.8.0_291.jdk/Contents/Home/jre/lib/charsets.jar:/Library/Java/JavaVirtualMachines/jdk1.8.0_291.jdk/Contents/Home/jre/lib/jfr.jar:/Library/Java/JavaVirtualMachines/jdk1.8.0_291.jdk/Contents/Home/jre/classes"/>
    <property name="sun.management.compiler" value="HotSpot 64-Bit Tiered Compilers"/>
    <property name="java.runtime.version" value="1.8.0_291-b10"/>
    <property name="user.name" value="fc"/>
    <property name="path.separator" value=":"/>
    <property name="os.version" value="10.16"/>
    <property name="java.endorsed.dirs" value="/Library/Java/JavaVirtualMachines/jdk1.8.0_291.jdk/Contents/Home/jre/lib/endorsed"/>
    <property name="java.runtime.name" value="Java(TM) SE Runtime Environment"/>
    <property name="file.encoding" value="UTF-8"/>
    <property name="java.vm.name" value="Java HotSpot(TM) 64-Bit Server VM"/>
    <property name="localRepository" value="/Users/fc/.m2/repository"/>
    <property name="java.vendor.url.bug" value="http://bugreport.sun.com/bugreport/"/>
    <property name="java.io.tmpdir" value="/var/folders/mw/n2xn_g1n33jbs88xpyrz0sp80000gn/T/"/>
    <property name="java.version" value="1.8.0_291"/>
    <property name="user.dir" value="/Users/fc/Documents/work/github/spring-boot-docker"/>
    <property name="os.arch" value="x86_64"/>
    <property name="java.vm.specification.name" value="Java Virtual Machine Specification"/>
    <property name="java.awt.printerjob" value="sun.lwawt.macosx.CPrinterJob"/>
    <property name="sun.os.patch.level" value="unknown"/>
    <property name="java.library.path" value="/Users/fc/Library/Java/Extensions:/Library/Java/Extensions:/Network/Library/Java/Extensions:/System/Library/Java/Extensions:/usr/lib/java:."/>
    <property name="java.vm.info" value="mixed mode"/>
    <property name="java.vendor" value="Oracle Corporation"/>
    <property name="java.vm.version" value="25.291-b10"/>
    <property name="java.ext.dirs" value="/Users/fc/Library/Java/Extensions:/Library/Java/JavaVirtualMachines/jdk1.8.0_291.jdk/Contents/Home/jre/lib/ext:/Library/Java/Extensions:/Network/Library/Java/Extensions:/System/Library/Java/Extensions:/usr/lib/java"/>
    <property name="sun.io.unicode.encoding" value="UnicodeBig"/>
    <property name="java.class.version" value="52.0"/>
  </properties>
  <testcase name="contextLoads" classname="com.fc.springboot.SpringbootApplicationTests" time="0.297"/>
</testsuite>